{"/Users/manopov/WebstormProjects/u-design/src/components/Button/Button.stories.tsx": {"path":"/Users/manopov/WebstormProjects/u-design/src/components/Button/Button.stories.tsx","statementMap":{"0":{"start":{"line":15,"column":42},"end":{"line":15,"column":73}},"1":{"start":{"line":15,"column":52},"end":{"line":15,"column":73}},"2":{"start":{"line":17,"column":23},"end":{"line":17,"column":40}},"3":{"start":{"line":18,"column":0},"end":{"line":20,"column":2}}},"fnMap":{"0":{"name":"(anonymous_0)","decl":{"start":{"line":15,"column":42},"end":{"line":15,"column":43}},"loc":{"start":{"line":15,"column":52},"end":{"line":15,"column":73}}}},"branchMap":{},"s":{"0":0,"1":0,"2":0,"3":0},"f":{"0":0},"b":{}}
,"/Users/manopov/WebstormProjects/u-design/src/components/Button/Button.tsx": {"path":"/Users/manopov/WebstormProjects/u-design/src/components/Button/Button.tsx","statementMap":{"0":{"start":{"line":1,"column":0},"end":{"line":1,"column":63}},"1":{"start":{"line":3,"column":0},"end":{"line":3,"column":42}},"2":{"start":{"line":7,"column":15},"end":{"line":14,"column":null}},"3":{"start":{"line":8,"column":13},"end":{"line":8,"column":18}},"4":{"start":{"line":8,"column":23},"end":{"line":8,"column":27}},"5":{"start":{"line":9,"column":4},"end":{"line":13,"column":6}},"6":{"start":{"line":17,"column":0},"end":{"line":17,"column":31}},"7":{"start":{"line":19,"column":13},"end":{"line":19,"column":36}}},"fnMap":{"0":{"name":"(anonymous_2)","decl":{"start":{"line":8,"column":2},"end":{"line":8,"column":3}},"loc":{"start":{"line":8,"column":34},"end":{"line":14,"column":3}}}},"branchMap":{},"s":{"0":1,"1":1,"2":1,"3":1,"4":1,"5":1,"6":1,"7":1},"f":{"0":1},"b":{}}
,"/Users/manopov/WebstormProjects/u-design/src/components/Icon/Icon.stories.tsx": {"path":"/Users/manopov/WebstormProjects/u-design/src/components/Icon/Icon.stories.tsx","statementMap":{"0":{"start":{"line":28,"column":39},"end":{"line":28,"column":67}},"1":{"start":{"line":28,"column":49},"end":{"line":28,"column":67}},"2":{"start":{"line":30,"column":23},"end":{"line":30,"column":40}},"3":{"start":{"line":31,"column":0},"end":{"line":35,"column":2}}},"fnMap":{"0":{"name":"(anonymous_0)","decl":{"start":{"line":28,"column":39},"end":{"line":28,"column":40}},"loc":{"start":{"line":28,"column":49},"end":{"line":28,"column":67}}}},"branchMap":{},"s":{"0":0,"1":0,"2":0,"3":0},"f":{"0":0},"b":{}}
,"/Users/manopov/WebstormProjects/u-design/src/components/Icon/Icon.tsx": {"path":"/Users/manopov/WebstormProjects/u-design/src/components/Icon/Icon.tsx","statementMap":{"0":{"start":{"line":16,"column":41},"end":{"line":31,"column":1}},"1":{"start":{"line":19,"column":24},"end":{"line":19,"column":null}},"2":{"start":{"line":20,"column":10},"end":{"line":21,"column":3}},"3":{"start":{"line":22,"column":2},"end":{"line":30,"column":3}},"4":{"start":{"line":24,"column":6},"end":{"line":25,"column":45}},"5":{"start":{"line":26,"column":4},"end":{"line":26,"column":75}},"6":{"start":{"line":28,"column":4},"end":{"line":28,"column":54}},"7":{"start":{"line":29,"column":4},"end":{"line":29,"column":16}}},"fnMap":{"0":{"name":"(anonymous_1)","decl":{"start":{"line":16,"column":41},"end":{"line":16,"column":42}},"loc":{"start":{"line":21,"column":5},"end":{"line":31,"column":1}}}},"branchMap":{"0":{"loc":{"start":{"line":18,"column":2},"end":{"line":18,"column":11}},"type":"default-arg","locations":[{"start":{"line":18,"column":9},"end":{"line":18,"column":11}}]},"1":{"loc":{"start":{"line":19,"column":2},"end":{"line":19,"column":24}},"type":"default-arg","locations":[{"start":{"line":19,"column":10},"end":{"line":19,"column":24}}]},"2":{"loc":{"start":{"line":24,"column":6},"end":{"line":25,"column":45}},"type":"binary-expr","locations":[{"start":{"line":24,"column":6},"end":{"line":24,"column":41}},{"start":{"line":25,"column":6},"end":{"line":25,"column":45}}]}},"s":{"0":0,"1":0,"2":0,"3":0,"4":0,"5":0,"6":0,"7":0},"f":{"0":0},"b":{"0":[0],"1":[0],"2":[0,0]}}
,"/Users/manopov/WebstormProjects/u-design/src/components/Icon/icons-filled.ts": {"path":"/Users/manopov/WebstormProjects/u-design/src/components/Icon/icons-filled.ts","statementMap":{"0":{"start":{"line":19,"column":27},"end":{"line":37,"column":11}}},"fnMap":{},"branchMap":{},"s":{"0":0},"f":{},"b":{}}
,"/Users/manopov/WebstormProjects/u-design/src/components/Icon/icons-outlined.ts": {"path":"/Users/manopov/WebstormProjects/u-design/src/components/Icon/icons-outlined.ts","statementMap":{"0":{"start":{"line":86,"column":29},"end":{"line":171,"column":11}}},"fnMap":{},"branchMap":{},"s":{"0":0},"f":{},"b":{}}
}
