TN:
SF:src/components/Button/Button.stories.tsx
FN:15,(anonymous_0)
FNF:1
FNH:0
FNDA:0,(anonymous_0)
DA:15,0
DA:17,0
DA:18,0
LF:3
LH:0
BRF:0
BRH:0
end_of_record
TN:
SF:src/components/Button/Button.tsx
FN:8,(anonymous_2)
FNF:1
FNH:1
FNDA:1,(anonymous_2)
DA:1,1
DA:3,1
DA:7,1
DA:8,1
DA:9,1
DA:17,1
DA:19,1
LF:7
LH:7
BRF:0
BRH:0
end_of_record
TN:
SF:src/components/Icon/Icon.stories.tsx
FN:28,(anonymous_0)
FNF:1
FNH:0
FNDA:0,(anonymous_0)
DA:28,0
DA:30,0
DA:31,0
LF:3
LH:0
BRF:0
BRH:0
end_of_record
TN:
SF:src/components/Icon/Icon.tsx
FN:16,(anonymous_1)
FNF:1
FNH:0
FNDA:0,(anonymous_1)
DA:16,0
DA:19,0
DA:20,0
DA:22,0
DA:24,0
DA:26,0
DA:28,0
DA:29,0
LF:8
LH:0
BRDA:18,0,0,0
BRDA:19,1,0,0
BRDA:24,2,0,0
BRDA:24,2,1,0
BRF:4
BRH:0
end_of_record
TN:
SF:src/components/Icon/icons-filled.ts
FNF:0
FNH:0
DA:19,0
LF:1
LH:0
BRF:0
BRH:0
end_of_record
TN:
SF:src/components/Icon/icons-outlined.ts
FNF:0
FNH:0
DA:86,0
LF:1
LH:0
BRF:0
BRH:0
end_of_record
